[35m[Appium][39m Welcome to Appium v1.22.3
[35m[Appium][39m Non-default server args:
[35m[Appium][39m   port: 55614
[35m[Appium][39m   loglevel: info
[35m[Appium][39m   tmpDir: D:\Users\bsi80194\AppData\Local\Temp\\Katalon\Appium\Temp1694685698026
[35m[Appium][39m   chromedriverPort: 55615
[35m[Appium][39m Deprecated server args:
[35m[Appium][39m   [31m--chromedriver-port[39m => --default-capabilities
[35m[Appium][39m Default capabilities, which will be added to each request unless overridden by desired capabilities:
[35m[Appium][39m   chromedriverPort: 55615
[35m[Appium][39m Appium REST http interface listener started on 0.0.0.0:55614
[35m[HTTP][39m [37m-->[39m [37mGET[39m [37m/wd/hub/status[39m
[35m[HTTP][39m [90m{}[39m
[35m[HTTP][39m [37m<-- GET /wd/hub/status [39m[32m200[39m [90m9 ms - 68[39m
[35m[HTTP][39m [90m[39m
[35m[HTTP][39m [37m-->[39m [37mGET[39m [37m/wd/hub/status[39m
[35m[HTTP][39m [90m{}[39m
[35m[HTTP][39m [37m<-- GET /wd/hub/status [39m[32m200[39m [90m1 ms - 68[39m
[35m[HTTP][39m [90m[39m
[35m[HTTP][39m [37m-->[39m [37mPOST[39m [37m/wd/hub/session[39m
[35m[HTTP][39m [90m{"desiredCapabilities":{"appActivity":".Settings","appPackage":"com.android.settings","newCommandTimeout":1800,"platformVersion":"13","automationName":"uiautomator2","autoGrantPermissions":true,"platformName":"Android","udid":"emulator-5554","deviceName":"emulator-5554 (sdk_gphone64_x86_64 - Android 13)","platform":"ANDROID","systemPort":8208},"capabilities":{"firstMatch":[{"appium:appActivity":".Settings","appium:appPackage":"com.android.settings","appium:autoGrantPermissions":true,"appium:automationName":"uiautomator2","appium:deviceName":"emulator-5554 (sdk_gphone64_x86_64 - Android 13)","appium:newCommandTimeout":1800,"platform":"ANDROID","platformName":"android","appium:platformVersion":"13","appium:systemPort":8208,"appium:udid":"emulator-5554"}]}}[39m
[35m[BaseDriver][39m The following capabilities are not standard capabilities and should have an extension prefix:
[35m[BaseDriver][39m   platform
[35m[BaseDriver][39m   chromedriverPort
[35m[Appium][39m Appium v1.22.3 creating new AndroidUiautomator2Driver (v1.70.1) session
[35m[BaseDriver][39m The following capabilities were provided, but are not recognized by Appium:
[35m[BaseDriver][39m   platform
[35m[BaseDriver][39m Session created with session id: 2b7565c0-5212-4430-a05f-1689f8a11426
[35m[UiAutomator2][39m Starting 'com.android.settings' directly on the device
[35m[ADB][39m Found 1 'build-tools' folders under 'D:\Users\bsi80194\.katalon\tools\android_sdk' (newest first):
[35m[ADB][39m     D:/Users/bsi80194/.katalon/tools/android_sdk/build-tools/29.0.3
[35m[ADB][39m Using 'adb.exe' from 'D:\Users\bsi80194\.katalon\tools\android_sdk\platform-tools\adb.exe'
[35m[AndroidDriver][39m Retrieving device list
[35m[AndroidDriver][39m Using device: emulator-5554
[35m[ADB][39m Using 'adb.exe' from 'D:\Users\bsi80194\.katalon\tools\android_sdk\platform-tools\adb.exe'
[35m[ADB][39m Getting device platform version
[35m[UiAutomator2][39m Relaxing hidden api policy
[35m[AndroidDriver][39m No app sent in, not parsing package/activity
[35m[ADB][39m Using 'apksigner.jar' from 'D:\Users\bsi80194\.katalon\tools\android_sdk\build-tools\29.0.3\lib\apksigner.jar'
[35m[ADB][39m 'D:\Users\bsi80194\AppData\Roaming\npm\node_modules\appium\node_modules\appium-uiautomator2-server\apks\appium-uiautomator2-server-v4.27.0.apk' is signed with the default certificate
[35m[ADB][39m 'D:\Users\bsi80194\AppData\Roaming\npm\node_modules\appium\node_modules\appium-uiautomator2-server\apks\appium-uiautomator2-server-debug-androidTest.apk' is signed with the default certificate
[35m[UiAutomator2][39m Server packages are not going to be (re)installed
[35m[ADB][39m Adding packages ["io.appium.settings","io.appium.uiautomator2.server","io.appium.uiautomator2.server.test"] to Doze whitelist
[35m[UiAutomator2][39m Starting UIAutomator2 server 4.27.0
[35m[UiAutomator2][39m Using UIAutomator2 server from 'D:\Users\bsi80194\AppData\Roaming\npm\node_modules\appium\node_modules\appium-uiautomator2-server\apks\appium-uiautomator2-server-v4.27.0.apk' and test from 'D:\Users\bsi80194\AppData\Roaming\npm\node_modules\appium\node_modules\appium-uiautomator2-server\apks\appium-uiautomator2-server-debug-androidTest.apk'
[35m[UiAutomator2][39m Waiting up to 30000ms for UiAutomator2 to be online...
[35m[WD Proxy][39m socket hang up
[35m[WD Proxy][39m socket hang up
[35m[WD Proxy][39m Determined the downstream protocol as 'W3C'
[35m[AndroidDriver][39m Screen already unlocked, doing nothing
[35m[UiAutomator2][39m Starting 'com.android.settings/.Settings and waiting for 'com.android.settings/.Settings'
[35m[Appium][39m New AndroidUiautomator2Driver session created successfully, session 2b7565c0-5212-4430-a05f-1689f8a11426 added to master session list
[35m[HTTP][39m [37m<-- POST /wd/hub/session [39m[32m200[39m [90m8259 ms - 1193[39m
[35m[HTTP][39m [90m[39m
[35m[HTTP][39m [37m-->[39m [37mGET[39m [37m/wd/hub/session/2b7565c0-5212-4430-a05f-1689f8a11426[39m
[35m[HTTP][39m [90m{}[39m
[35m[HTTP][39m [37m<-- GET /wd/hub/session/2b7565c0-5212-4430-a05f-1689f8a11426 [39m[32m200[39m [90m19 ms - 1147[39m
[35m[HTTP][39m [90m[39m
[35m[HTTP][39m [37m-->[39m [37mGET[39m [37m/wd/hub/session/2b7565c0-5212-4430-a05f-1689f8a11426[39m
[35m[HTTP][39m [90m{}[39m
[35m[HTTP][39m [37m<-- GET /wd/hub/session/2b7565c0-5212-4430-a05f-1689f8a11426 [39m[32m200[39m [90m45 ms - 1147[39m
[35m[HTTP][39m [90m[39m
[35m[HTTP][39m [37m-->[39m [37mGET[39m [37m/wd/hub/status[39m
[35m[HTTP][39m [90m{}[39m
[35m[HTTP][39m [37m<-- GET /wd/hub/status [39m[32m200[39m [90m4 ms - 68[39m
[35m[HTTP][39m [90m[39m
[35m[HTTP][39m [37m-->[39m [37mPOST[39m [37m/wd/hub/session/2b7565c0-5212-4430-a05f-1689f8a11426/timeouts[39m
[35m[HTTP][39m [90m{"implicit":60000}[39m
[35m[HTTP][39m [37m<-- POST /wd/hub/session/2b7565c0-5212-4430-a05f-1689f8a11426/timeouts [39m[32m200[39m [90m6 ms - 14[39m
[35m[HTTP][39m [90m[39m
[35m[HTTP][39m [37m-->[39m [37mGET[39m [37m/wd/hub/session/2b7565c0-5212-4430-a05f-1689f8a11426/screenshot[39m
[35m[HTTP][39m [90m{}[39m
[35m[HTTP][39m [37m<-- GET /wd/hub/session/2b7565c0-5212-4430-a05f-1689f8a11426/screenshot [39m[32m200[39m [90m602 ms - 270410[39m
[35m[HTTP][39m [90m[39m
[35m[HTTP][39m [37m-->[39m [37mGET[39m [37m/wd/hub/session/2b7565c0-5212-4430-a05f-1689f8a11426/window/rect[39m
[35m[HTTP][39m [90m{}[39m
[35m[HTTP][39m [37m<-- GET /wd/hub/session/2b7565c0-5212-4430-a05f-1689f8a11426/window/rect [39m[32m200[39m [90m13 ms - 50[39m
[35m[HTTP][39m [90m[39m
[35m[HTTP][39m [37m-->[39m [37mGET[39m [37m/wd/hub/session/2b7565c0-5212-4430-a05f-1689f8a11426/appium/device/system_bars[39m
[35m[HTTP][39m [90m{}[39m
[35m[HTTP][39m [37m<-- GET /wd/hub/session/2b7565c0-5212-4430-a05f-1689f8a11426/appium/device/system_bars [39m[32m200[39m [90m94 ms - 145[39m
[35m[HTTP][39m [90m[39m
[35m[HTTP][39m [37m-->[39m [37mPOST[39m [37m/wd/hub/session/2b7565c0-5212-4430-a05f-1689f8a11426/appium/device/activate_app[39m
[35m[HTTP][39m [90m{"bundleId":"com.codingid.codingidhive.betastaging"}[39m
[35m[HTTP][39m [37m<-- POST /wd/hub/session/2b7565c0-5212-4430-a05f-1689f8a11426/appium/device/activate_app [39m[32m200[39m [90m506 ms - 14[39m
[35m[HTTP][39m [90m[39m
[35m[HTTP][39m [37m-->[39m [37mGET[39m [37m/wd/hub/session/2b7565c0-5212-4430-a05f-1689f8a11426/source[39m
[35m[HTTP][39m [90m{}[39m
[35m[W3C (2b7565c0)][39m Driver proxy active, passing request on via HTTP proxy
[35m[WD Proxy][39m Replacing sessionId 4ed86907-2711-4f6d-b00b-5c513d25b767 with 2b7565c0-5212-4430-a05f-1689f8a11426
[35m[HTTP][39m [37m<-- GET /wd/hub/session/2b7565c0-5212-4430-a05f-1689f8a11426/source [39m[32m200[39m [90m423 ms - 54215[39m
[35m[HTTP][39m [90m[39m
[35m[HTTP][39m [37m-->[39m [37mGET[39m [37m/wd/hub/session/2b7565c0-5212-4430-a05f-1689f8a11426/screenshot[39m
[35m[HTTP][39m [90m{}[39m
[35m[HTTP][39m [37m<-- GET /wd/hub/session/2b7565c0-5212-4430-a05f-1689f8a11426/screenshot [39m[32m200[39m [90m371 ms - 164198[39m
[35m[HTTP][39m [90m[39m
[35m[HTTP][39m [37m-->[39m [37mPOST[39m [37m/wd/hub/session/2b7565c0-5212-4430-a05f-1689f8a11426/elements[39m
[35m[HTTP][39m [90m{"using":"xpath","value":"//*[@class = 'android.widget.EditText' and (@text = 'Gayus Bagas' or . = 'Gayus Bagas')]"}[39m
[35m[HTTP][39m [37m<-- POST /wd/hub/session/2b7565c0-5212-4430-a05f-1689f8a11426/elements [39m[32m200[39m [90m341 ms - 139[39m
[35m[HTTP][39m [90m[39m
[35m[HTTP][39m [37m-->[39m [37mPOST[39m [37m/wd/hub/session/2b7565c0-5212-4430-a05f-1689f8a11426/elements[39m
[35m[HTTP][39m [90m{"using":"xpath","value":"//*[@class = 'android.widget.EditText' and (@text = '088811112222' or . = '088811112222')]"}[39m
[35m[HTTP][39m [37m<-- POST /wd/hub/session/2b7565c0-5212-4430-a05f-1689f8a11426/elements [39m[32m200[39m [90m112 ms - 139[39m
[35m[HTTP][39m [90m[39m
[35m[HTTP][39m [37m-->[39m [37mPOST[39m [37m/wd/hub/session/2b7565c0-5212-4430-a05f-1689f8a11426/elements[39m
[35m[HTTP][39m [90m{"using":"xpath","value":"//*[@class = 'android.widget.EditText' and (@text = '29-Feb-1996' or . = '29-Feb-1996')]"}[39m
[35m[HTTP][39m [37m<-- POST /wd/hub/session/2b7565c0-5212-4430-a05f-1689f8a11426/elements [39m[32m200[39m [90m112 ms - 139[39m
[35m[HTTP][39m [90m[39m
[35m[HTTP][39m [37m-->[39m [37mDELETE[39m [37m/wd/hub/session/2b7565c0-5212-4430-a05f-1689f8a11426[39m
[35m[HTTP][39m [90m{}[39m
[35m[Appium][39m Removing session 2b7565c0-5212-4430-a05f-1689f8a11426 from our master session list
[35m[UiAutomator2][39m Restoring hidden api policy to the device default configuration
[35m[HTTP][39m [37m<-- DELETE /wd/hub/session/2b7565c0-5212-4430-a05f-1689f8a11426 [39m[32m200[39m [90m262 ms - 14[39m
[35m[HTTP][39m [90m[39m
